This is pdfTeX, Version 3.1415926-2.4-1.40.13 (MiKTeX 2.9) (preloaded format=pdftex 2014.7.19)  17 DEC 2015 10:33
entering extended mode
**C:/Users/Lars/Desktop/Uni/Copenhagen/1.*Semester/Project/Git/smc-AARG/report/
biblio.bib

("C:/Users/Lars/Desktop/Uni/Copenhagen/1. Semester/Project/Git/smc-AARG/report/
biblio.bib"
Overfull \hbox (27.46616pt too wide) in paragraph at lines 147--156
\tenrm AP Pro-fes-sional, Ti-tle = 3-D Sound for Vir-tual Re-al-ity and Mul-ti-
me-dia, Url = https://books.google.dk/books?id=--|

\hbox(7.5+2.5)x469.75499, glue set - 1.0
.\tenrm A
.\tenrm P
.\glue 3.33333 plus 1.66498 minus 1.11221
.\tenrm P
.\tenrm r
.etc.


Overfull \hbox (5.79015pt too wide) in paragraph at lines 157--167
\tenrm Pro-cess-ing to Au-dio and Acous-tics, 1997. 1997 IEEE ASSP Work-shop on
, Doi = 10.1109/AS-PAA.1997.625596,|

\hbox(7.5+2.5)x469.75499, glue set - 1.0
.\tenrm P
.\tenrm r
.\discretionary replacing 2
..\tenrm o
..\tenrm -
.\tenrm o
.\kern0.27779
.etc.


Overfull \hbox (25.24379pt too wide) in paragraph at lines 157--167
\tenrm tions;3D sound;HRTF model;binaural sound syn-the-sis;externalization ef-
fects;horizontal ef-fects;listening tests;model|

\hbox(6.94444+1.94444)x469.75499, glue set - 1.0
.\tenrm t
.\tenrm i
.\tenrm o
.\tenrm n
.\tenrm s
.etc.


Overfull \hbox (73.05177pt too wide) in paragraph at lines 157--167
\tenrm fects;Acoustic diffrac-tion;Auditory dis-plays;Azimuth;Computer dis-play
s;Ear;Educational in-sti-tu-tions;Humans;Psychoacoustic|

\hbox(6.94444+1.94444)x469.75499, glue set - 1.0
.\tenrm f
.\tenrm e
.\tenrm c
.\tenrm t
.\tenrm s
.etc.

[1{C:/ProgramData/MiKTeX/2.9/pdftex/config/pdftex.map}]
Overfull \hbox (10.85591pt too wide) in paragraph at lines 168--176
\tenrm Ti-tle = Ef-fi-cient HRTF Com-pu-ta-tion Us-ing Adap-tive Rect-an-gu-lar
 De-com-po-si-tion, Url = http://www.aes.org/e-|

\hbox(7.5+2.5)x469.75499, glue set - 1.0
.\tenrm T
.\tenrm i
.\discretionary
..\tenrm -
.\tenrm t
.\tenrm l
.etc.


Overfull \hbox (76.0796pt too wide) in paragraph at lines 191--203
[]\tenrm @articleWoodworth, Au-thor = Aaron-son, Neil L. and Hart-mann, William
 M., Doi = http://dx.doi.org/10.1121/1.4861243,|

\hbox(7.5+2.5)x469.75499, glue set - 1.0
.\hbox(0.0+0.0)x20.0
.\tenrm @
.\tenrm a
.\tenrm r
.\tenrm t
.etc.


Overfull \hbox (227.2466pt too wide) in paragraph at lines 191--203
\tenrm cor-rect-ing, and ex-tend-ing the Wood-worth model for in-ter-au-ral tim
e dif-fer-ence, Url = http://scitation.aip.org/content/asa/journal/jasa/135/2/1
0.1121/1.4861243,|

\hbox(7.5+2.5)x469.75499, glue set - 1.0
.\tenrm c
.\tenrm o
.\tenrm r
.\discretionary
..\tenrm -
.\tenrm r
.etc.


Overfull \hbox (46.71848pt too wide) in paragraph at lines 191--203
\tenrm Vol-ume = 135, Year = 2014, Bdsk-Url-1 = http://scitation.aip.org/conten
t/asa/journal/jasa/135/2/10.1121/1.4861243,|

\hbox(7.5+2.5)x469.75499, glue set - 1.0
.\tenrm V
.\kern-0.83334
.\tenrm o
.\tenrm l
.\discretionary
..\tenrm -
.etc.


Overfull \hbox (12.94048pt too wide) in paragraph at lines 204--216
[]\tenrm @miscAnalysingLop, Au-thor = P.M. Del-gado, Note = https://pmdelgado.w
ordpress.com/2015/09/17/first-|

\hbox(7.5+2.5)x469.75499, glue set - 1.0
.\hbox(0.0+0.0)x20.0
.\tenrm @
.\tenrm m
.\tenrm i
.\tenrm s
.etc.


Overfull \hbox (2.05145pt too wide) in paragraph at lines 204--216
\tenrm steps-on-pure-datas-approach-to-real-time-audio-processing-compiling-ext
ernals-analysing-lop/, Ti-tle = First|

\hbox(7.5+2.5)x469.75499, glue set - 1.0
.\tenrm s
.\tenrm t
.\tenrm e
.\tenrm p
.\tenrm s
.etc.


Overfull \hbox (7.91264pt too wide) in paragraph at lines 235--252
\tenrm = 15493652, jour-nal = Jour-nal of So-cial Sci-ences, key-words = Lik-er
t,formats,measurement,psychological,scales,|

\hbox(6.94444+1.94444)x469.75499, glue set - 1.0
.\tenrm =
.\glue 3.33333 plus 1.66666 minus 1.11111
.\tenrm 1
.\tenrm 5
.\tenrm 4
.etc.


Overfull \hbox (110.024pt too wide) in paragraph at lines 235--252
\tenrm about Lik-ert Scales and Lik-ert Re-sponse For-mats and their An-ti-dote
s, url = http://thescipub.com/abstract/10.3844/jssp.2007.106.116,|

\hbox(7.5+2.5)x469.75499, glue set - 1.0
.\tenrm a
.\tenrm b
.\kern0.27779
.\tenrm o
.\tenrm u
.etc.

[2]
Overfull \hbox (67.28784pt too wide) in paragraph at lines 276--284
\tenrm = McGraw-Hill Ed-u-ca-tion, Ti-tle = Mas-ter Hand-book of Acous-tics, Ur
l = https://books.google.dk/books?id=6tiJ1cwnwxoC,|

\hbox(7.5+2.5)x469.75499, glue set - 1.0
.\tenrm =
.\glue 3.33333 plus 1.66666 minus 1.11111
.\tenrm M
.\tenrm c
.\tenrm G
.etc.

)
*
! Emergency stop.
<*> ...ster/Project/Git/smc-AARG/report/biblio.bib
                                                  
End of file on the terminal!

!  ==> Fatal error occurred, no output PDF file produced!
